2023-12-19 11:12:729 INFO  HomePage :30 - mouseHoverToElementAndClick: [[ChromeDriver: chrome on windows (eede5ff968d76eac9c568872092527e5)] -> css selector: .dropdown-toggle[href='https://tutorialsninja.com/demo/index.php?route=product/category&path=20']]
2023-12-19 11:12:802 INFO  HomePage :26 - selectMenu: [[ChromeDriver: chrome on windows (eede5ff968d76eac9c568872092527e5)] -> css selector: .dropdown-toggle[href='https://tutorialsninja.com/demo/index.php?route=product/category&path=20']]
2023-12-19 11:12:844 INFO  DesktopsPage :18 - getTextFromElement : Proxy element for: DefaultElementLocator 'By.cssSelector: div[id='content'] h2'
2023-12-19 11:12:606 INFO  HomePage :33 - mouseHoverToElementAndClick: [[ChromeDriver: chrome on windows (ecbeecf44db702d1f44e1f80964ca690)] -> css selector: .dropdown-toggle[href='https://tutorialsninja.com/demo/index.php?route=product/category&path=20']]
2023-12-19 11:12:851 INFO  HomePage :26 - selectMenu: [[ChromeDriver: chrome on windows (ecbeecf44db702d1f44e1f80964ca690)] -> css selector: .dropdown-toggle[href='https://tutorialsninja.com/demo/index.php?route=product/category&path=20']]
2023-12-19 11:12:863 INFO  DesktopsPage :19 - getTextNotebooksAndLaptops: Proxy element for: DefaultElementLocator 'By.cssSelector: div[id='content'] h2'
2023-12-19 11:12:272 INFO  HomePage :37 - mouseHoverToElementAndClick: [[ChromeDriver: chrome on windows (e5db75f99b4b23b77b1d34b3e5c12ed4)] -> css selector: .dropdown-toggle[href='https://tutorialsninja.com/demo/index.php?route=product/category&path=20']]
2023-12-19 11:12:623 INFO  HomePage :26 - selectMenu: [[ChromeDriver: chrome on windows (e5db75f99b4b23b77b1d34b3e5c12ed4)] -> css selector: .dropdown-toggle[href='https://tutorialsninja.com/demo/index.php?route=product/category&path=20']]
2023-12-19 11:12:663 INFO  ComponentsPage :18 - getTextComponents: Proxy element for: DefaultElementLocator 'By.cssSelector: div[id='content'] h2'
2023-12-19 11:12:224 INFO  HomePage :30 - mouseHoverToElementAndClick: [[ChromeDriver: chrome on windows (0f4d1ae2d00220c44dd54dba3a4be53c)] -> css selector: .dropdown-toggle[href='https://tutorialsninja.com/demo/index.php?route=product/category&path=20']]
2023-12-19 11:12:336 INFO  HomePage :26 - selectMenu: [[ChromeDriver: chrome on windows (0f4d1ae2d00220c44dd54dba3a4be53c)] -> css selector: .dropdown-toggle[href='https://tutorialsninja.com/demo/index.php?route=product/category&path=20']]
2023-12-19 11:12:412 INFO  DesktopsPage :18 - getTextFromElement : Proxy element for: DefaultElementLocator 'By.cssSelector: div[id='content'] h2'
2023-12-19 11:12:905 INFO  HomePage :33 - mouseHoverToElementAndClick: [[ChromeDriver: chrome on windows (c446be759e10782dac9dbb8626de0fcf)] -> css selector: .dropdown-toggle[href='https://tutorialsninja.com/demo/index.php?route=product/category&path=20']]
2023-12-19 11:12:157 INFO  HomePage :26 - selectMenu: [[ChromeDriver: chrome on windows (c446be759e10782dac9dbb8626de0fcf)] -> css selector: .dropdown-toggle[href='https://tutorialsninja.com/demo/index.php?route=product/category&path=20']]
2023-12-19 11:12:196 INFO  DesktopsPage :19 - getTextNotebooksAndLaptops: Proxy element for: DefaultElementLocator 'By.cssSelector: div[id='content'] h2'
2023-12-19 11:12:11 INFO  HomePage :37 - mouseHoverToElementAndClick: [[ChromeDriver: chrome on windows (86366b41628403bb850c63f1bcda917c)] -> css selector: .dropdown-toggle[href='https://tutorialsninja.com/demo/index.php?route=product/category&path=20']]
2023-12-19 11:12:482 INFO  HomePage :26 - selectMenu: [[ChromeDriver: chrome on windows (86366b41628403bb850c63f1bcda917c)] -> css selector: .dropdown-toggle[href='https://tutorialsninja.com/demo/index.php?route=product/category&path=20']]
2023-12-19 11:12:509 INFO  ComponentsPage :18 - getTextComponents: Proxy element for: DefaultElementLocator 'By.cssSelector: div[id='content'] h2'
2023-12-19 11:12:466 INFO  HomePage :43 - mouseHoverToElementAndClick: [[ChromeDriver: chrome on windows (b0c297aab625d1574a240284f2ff8dc2)] -> css selector: .dropdown-toggle[href='https://tutorialsninja.com/demo/index.php?route=product/category&path=20']]
2023-12-19 11:12:673 INFO  DesktopsPage :18 - getTextFromElement : Proxy element for: DefaultElementLocator 'By.cssSelector: div[id='content'] h2'
2023-12-19 11:12:76 INFO  HomePage :46 - mouseHoverToElementAndClick: [[ChromeDriver: chrome on windows (b5fbcb3e2d1ddd2e6938142c425d89da)] -> css selector: .dropdown-toggle[href='https://tutorialsninja.com/demo/index.php?route=product/category&path=20']]
2023-12-19 11:12:552 INFO  DesktopsPage :19 - getTextNotebooksAndLaptops: Proxy element for: DefaultElementLocator 'By.cssSelector: div[id='content'] h2'
2023-12-19 11:12:419 INFO  HomePage :50 - mouseHoverToElementAndClick: [[ChromeDriver: chrome on windows (dba4ea6568008e522dc3ca18f0489b5d)] -> css selector: .dropdown-toggle[href='https://tutorialsninja.com/demo/index.php?route=product/category&path=20']]
2023-12-19 11:12:900 INFO  ComponentsPage :18 - getTextComponents: Proxy element for: DefaultElementLocator 'By.cssSelector: div[id='content'] h2'
2023-12-19 11:12:864 INFO  HomePage :43 - mouseHoverToElementAndClick: [[ChromeDriver: chrome on windows (b4928e5aeab57d81d51d33e56f253cec)] -> css selector: .dropdown-toggle[href='https://tutorialsninja.com/demo/index.php?route=product/category&path=20']]
2023-12-19 11:12:499 INFO  DesktopsPage :18 - getTextFromElement : [[ChromeDriver: chrome on windows (b4928e5aeab57d81d51d33e56f253cec)] -> css selector: div[id='content'] h2]
2023-12-19 11:12:943 INFO  HomePage :46 - mouseHoverToElementAndClick: [[ChromeDriver: chrome on windows (5c479bc997f12ae86b0d92f6cfacdb22)] -> css selector: .dropdown-toggle[href='https://tutorialsninja.com/demo/index.php?route=product/category&path=20']]
2023-12-19 11:12:201 INFO  DesktopsPage :19 - getTextNotebooksAndLaptops: [[ChromeDriver: chrome on windows (5c479bc997f12ae86b0d92f6cfacdb22)] -> css selector: div[id='content'] h2]
2023-12-19 11:12:428 INFO  HomePage :50 - mouseHoverToElementAndClick: [[ChromeDriver: chrome on windows (a958eda46b8102a1f950819e2b0ea733)] -> css selector: .dropdown-toggle[href='https://tutorialsninja.com/demo/index.php?route=product/category&path=20']]
2023-12-19 11:12:373 INFO  ComponentsPage :18 - getTextComponents: [[ChromeDriver: chrome on windows (a958eda46b8102a1f950819e2b0ea733)] -> css selector: div[id='content'] h2]
2023-12-19 11:12:172 INFO  HomePage :43 - mouseHoverToElementAndClick: [[ChromeDriver: chrome on windows (c55efaa88a76f018503ef4c640cdf628)] -> css selector: .dropdown-toggle[href='https://tutorialsninja.com/demo/index.php?route=product/category&path=20']]
2023-12-19 11:12:267 INFO  HomePage :31 - selectMenuOptions: [[ChromeDriver: chrome on windows (c55efaa88a76f018503ef4c640cdf628)] -> css selector: #menu .see-all]
2023-12-19 13:12:868 INFO  HomePage :43 - mouseHoverToElementAndClick: [[ChromeDriver: chrome on windows (faaa7e2e90bcd58457a80c4590a0bb22)] -> css selector: .dropdown-toggle[href='https://tutorialsninja.com/demo/index.php?route=product/category&path=20']]
2023-12-19 13:12:901 INFO  HomePage :31 - selectMenuOptions: [[ChromeDriver: chrome on windows (faaa7e2e90bcd58457a80c4590a0bb22)] -> css selector: #menu .see-all]
2023-12-19 13:12:50 INFO  HomePage :43 - mouseHoverToElementAndClick: [[ChromeDriver: chrome on windows (4ec4f3d05cccf26d744b56f53e917cbd)] -> css selector: .dropdown-toggle[href='https://tutorialsninja.com/demo/index.php?route=product/category&path=20']]
2023-12-19 13:12:75 INFO  HomePage :31 - selectMenuOptions: [[ChromeDriver: chrome on windows (4ec4f3d05cccf26d744b56f53e917cbd)] -> css selector: #menu .see-all]
2023-12-19 13:12:203 INFO  HomePage :43 - mouseHoverToElementAndClick: [[ChromeDriver: chrome on windows (7f0f9ef6e0c2492534f324de8c85836d)] -> css selector: .dropdown-toggle[href='https://tutorialsninja.com/demo/index.php?route=product/category&path=20']]
2023-12-19 13:12:228 INFO  HomePage :31 - selectMenuOptions: [[ChromeDriver: chrome on windows (7f0f9ef6e0c2492534f324de8c85836d)] -> css selector: #menu .see-all]
2023-12-19 13:12:764 INFO  HomePage :43 - mouseHoverToElementAndClick: [[ChromeDriver: chrome on windows (da1b8532ba539417efa45b8c1e4ae9f3)] -> css selector: .dropdown-toggle[href='https://tutorialsninja.com/demo/index.php?route=product/category&path=20']]
2023-12-19 13:12:798 INFO  HomePage :31 - selectMenuOptions: [[ChromeDriver: chrome on windows (da1b8532ba539417efa45b8c1e4ae9f3)] -> css selector: #menu .see-all]
2023-12-19 13:12:230 INFO  HomePage :43 - mouseHoverToElementAndClick: [[ChromeDriver: chrome on windows (8de5dbba5fe957351a02e8fe6ffb7762)] -> css selector: .dropdown-toggle[href='https://tutorialsninja.com/demo/index.php?route=product/category&path=20']]
2023-12-19 13:12:258 INFO  HomePage :31 - selectMenuOptions: [[ChromeDriver: chrome on windows (8de5dbba5fe957351a02e8fe6ffb7762)] -> css selector: #menu .see-all]
2023-12-19 13:12:533 INFO  HomePage :43 - mouseHoverToElementAndClick: [[ChromeDriver: chrome on windows (e7656b06af65a03c05c360c8d97530a3)] -> css selector: .dropdown-toggle[href='https://tutorialsninja.com/demo/index.php?route=product/category&path=20']]
2023-12-19 13:12:555 INFO  HomePage :31 - selectMenuOptions: [[ChromeDriver: chrome on windows (e7656b06af65a03c05c360c8d97530a3)] -> css selector: #menu .see-all]
2023-12-19 13:12:948 INFO  HomePage :43 - mouseHoverToElementAndClick: [[ChromeDriver: chrome on windows (8fcf7b376ae8c147dc7c936a8e66c400)] -> css selector: .dropdown-toggle[href='https://tutorialsninja.com/demo/index.php?route=product/category&path=20']]
2023-12-19 13:12:979 INFO  HomePage :31 - selectMenuOptions: [[ChromeDriver: chrome on windows (8fcf7b376ae8c147dc7c936a8e66c400)] -> css selector: #menu .see-all]
2023-12-19 13:12:565 INFO  HomePage :43 - mouseHoverToElementAndClick: [[ChromeDriver: chrome on windows (73540c2e380383c085b07ab07e0d6a9f)] -> css selector: .dropdown-toggle[href='https://tutorialsninja.com/demo/index.php?route=product/category&path=20']]
2023-12-19 13:12:589 INFO  HomePage :31 - selectMenuOptions: [[ChromeDriver: chrome on windows (73540c2e380383c085b07ab07e0d6a9f)] -> css selector: #menu .see-all]
2023-12-19 13:12:201 INFO  HomePage :43 - mouseHoverToElementAndClick: [[ChromeDriver: chrome on windows (8abc4e8dbe97fc09be6f0242f124952b)] -> css selector: .dropdown-toggle[href='https://tutorialsninja.com/demo/index.php?route=product/category&path=20']]
2023-12-19 13:12:219 INFO  HomePage :31 - selectMenuOptions: [[ChromeDriver: chrome on windows (8abc4e8dbe97fc09be6f0242f124952b)] -> css selector: #menu .see-all]
2023-12-19 13:12:794 INFO  HomePage :43 - mouseHoverToElementAndClick: [[ChromeDriver: chrome on windows (3d55b9d158cb99ef40f7c3ae7bd5b5da)] -> css selector: .dropdown-toggle[href='https://tutorialsninja.com/demo/index.php?route=product/category&path=20']]
2023-12-19 13:12:810 INFO  HomePage :31 - selectMenuOptions: [[ChromeDriver: chrome on windows (3d55b9d158cb99ef40f7c3ae7bd5b5da)] -> css selector: #menu .see-all]
2023-12-19 13:12:991 INFO  HomePage :43 - mouseHoverToElementAndClick: [[ChromeDriver: chrome on windows (63f630a507f10577f59bd6ceec3cbbe1)] -> css selector: .dropdown-toggle[href='https://tutorialsninja.com/demo/index.php?route=product/category&path=20']]
2023-12-19 13:12:07 INFO  HomePage :31 - selectMenuOptions: [[ChromeDriver: chrome on windows (63f630a507f10577f59bd6ceec3cbbe1)] -> css selector: #menu .see-all]
2023-12-19 13:12:232 INFO  HomePage :43 - mouseHoverToElementAndClick: [[ChromeDriver: chrome on windows (d771894e27c9697f0e8a2e06ccf3ca19)] -> css selector: .dropdown-toggle[href='https://tutorialsninja.com/demo/index.php?route=product/category&path=20']]
2023-12-19 13:12:258 INFO  HomePage :31 - selectMenuOptions: [[ChromeDriver: chrome on windows (d771894e27c9697f0e8a2e06ccf3ca19)] -> css selector: #menu .see-all]
2023-12-19 13:12:788 INFO  HomePage :43 - mouseHoverToElementAndClick: [[ChromeDriver: chrome on windows (9b57c017365043838c320799df5a1587)] -> css selector: .dropdown-toggle[href='https://tutorialsninja.com/demo/index.php?route=product/category&path=20']]
2023-12-19 13:12:807 INFO  HomePage :31 - selectMenuOptions: [[ChromeDriver: chrome on windows (9b57c017365043838c320799df5a1587)] -> css selector: #menu .see-all]
2023-12-19 13:12:374 INFO  HomePage :43 - mouseHoverToElementAndClick: [[ChromeDriver: chrome on windows (1c20e1a017bc881ccdd5f6479a2d35a5)] -> css selector: .dropdown-toggle[href='https://tutorialsninja.com/demo/index.php?route=product/category&path=20']]
2023-12-19 13:12:394 INFO  HomePage :31 - selectMenuOptions: [[ChromeDriver: chrome on windows (1c20e1a017bc881ccdd5f6479a2d35a5)] -> css selector: #menu .see-all]
2023-12-19 13:12:840 INFO  HomePage :43 - mouseHoverToElementAndClick: [[ChromeDriver: chrome on windows (915f2206c6ec847ca2af964846e0b41f)] -> css selector: .dropdown-toggle[href='https://tutorialsninja.com/demo/index.php?route=product/category&path=20']]
2023-12-19 13:12:857 INFO  HomePage :31 - selectMenuOptions: [[ChromeDriver: chrome on windows (915f2206c6ec847ca2af964846e0b41f)] -> css selector: #menu .see-all]
2023-12-19 13:12:650 INFO  HomePage :43 - mouseHoverToElementAndClick: [[ChromeDriver: chrome on windows (b7b511b4f7ae3538b934d0bab678dcbc)] -> css selector: .dropdown-toggle[href='https://tutorialsninja.com/demo/index.php?route=product/category&path=20']]
2023-12-19 13:12:667 INFO  HomePage :31 - selectMenuOptions: [[ChromeDriver: chrome on windows (b7b511b4f7ae3538b934d0bab678dcbc)] -> css selector: #menu .see-all]
2023-12-19 13:12:166 INFO  HomePage :43 - mouseHoverToElementAndClick: [[ChromeDriver: chrome on windows (69782e723d4c40e544268e69978a5cb4)] -> css selector: .dropdown-toggle[href='https://tutorialsninja.com/demo/index.php?route=product/category&path=20']]
2023-12-19 13:12:183 INFO  HomePage :31 - selectMenuOptions: [[ChromeDriver: chrome on windows (69782e723d4c40e544268e69978a5cb4)] -> css selector: #menu .see-all]
2023-12-19 13:12:325 INFO  HomePage :43 - mouseHoverToElementAndClick: [[ChromeDriver: chrome on windows (943c5947bae1c06411f6e9f27b0e848f)] -> css selector: .dropdown-toggle[href='https://tutorialsninja.com/demo/index.php?route=product/category&path=20']]
2023-12-19 13:12:347 INFO  HomePage :31 - selectMenuOptions: [[ChromeDriver: chrome on windows (943c5947bae1c06411f6e9f27b0e848f)] -> css selector: #menu .see-all]
2023-12-19 13:12:805 INFO  HomePage :43 - mouseHoverToElementAndClick: [[ChromeDriver: chrome on windows (f76d82c400a3ad1e0c8737865a9fa8f2)] -> css selector: .dropdown-toggle[href='https://tutorialsninja.com/demo/index.php?route=product/category&path=20']]
2023-12-19 13:12:821 INFO  HomePage :31 - selectMenuOptions: [[ChromeDriver: chrome on windows (f76d82c400a3ad1e0c8737865a9fa8f2)] -> css selector: #menu .see-all]
2023-12-19 13:12:698 INFO  HomePage :43 - mouseHoverToElementAndClick: [[ChromeDriver: chrome on windows (ee8144a0b8f58156382fbd19f5520681)] -> css selector: .dropdown-toggle[href='https://tutorialsninja.com/demo/index.php?route=product/category&path=20']]
2023-12-19 13:12:717 INFO  HomePage :31 - selectMenuOptions: [[ChromeDriver: chrome on windows (ee8144a0b8f58156382fbd19f5520681)] -> css selector: #menu .see-all]
2023-12-19 14:12:829 INFO  HomePage :43 - mouseHoverToElementAndClick: [[ChromeDriver: chrome on windows (501225b56b6b4b40011da92e32594690)] -> css selector: .dropdown-toggle[href='https://tutorialsninja.com/demo/index.php?route=product/category&path=20']]
2023-12-19 14:12:849 INFO  HomePage :31 - selectMenuOptions: [[ChromeDriver: chrome on windows (501225b56b6b4b40011da92e32594690)] -> css selector: #menu .see-all]
2023-12-19 14:12:811 INFO  HomePage :43 - mouseHoverToElementAndClick: [[ChromeDriver: chrome on windows (7a30644a90a8f1250891e8014c891612)] -> css selector: .dropdown-toggle[href='https://tutorialsninja.com/demo/index.php?route=product/category&path=20']]
2023-12-19 14:12:838 INFO  HomePage :31 - selectMenuOptions: [[ChromeDriver: chrome on windows (7a30644a90a8f1250891e8014c891612)] -> css selector: #menu .see-all]
2023-12-19 14:12:558 INFO  HomePage :43 - mouseHoverToElementAndClick: [[ChromeDriver: chrome on windows (0db54cd62fb16d42d65ded9aa9643a62)] -> css selector: .dropdown-toggle[href='https://tutorialsninja.com/demo/index.php?route=product/category&path=20']]
2023-12-19 14:12:578 INFO  HomePage :31 - selectMenuOptions: [[ChromeDriver: chrome on windows (0db54cd62fb16d42d65ded9aa9643a62)] -> css selector: #menu .see-all]
2023-12-19 14:12:56 INFO  HomePage :43 - mouseHoverToElementAndClick: [[ChromeDriver: chrome on windows (ff95fe81e07480bb7d27c1baae792ddb)] -> css selector: .dropdown-toggle[href='https://tutorialsninja.com/demo/index.php?route=product/category&path=20']]
2023-12-19 14:12:74 INFO  HomePage :31 - selectMenuOptions: [[ChromeDriver: chrome on windows (ff95fe81e07480bb7d27c1baae792ddb)] -> css selector: #menu .see-all]
2023-12-19 14:12:840 INFO  HomePage :43 - mouseHoverToElementAndClick: [[ChromeDriver: chrome on windows (69c18b79a70502e1a8deeb38df76db56)] -> css selector: .dropdown-toggle[href='https://tutorialsninja.com/demo/index.php?route=product/category&path=20']]
2023-12-19 14:12:858 INFO  HomePage :31 - selectMenuOptions: [[ChromeDriver: chrome on windows (69c18b79a70502e1a8deeb38df76db56)] -> css selector: #menu .see-all]
2023-12-19 14:12:10 INFO  HomePage :43 - mouseHoverToElementAndClick: [[ChromeDriver: chrome on windows (5c12aaa6f3292164ae12a391b3747346)] -> css selector: .dropdown-toggle[href='https://tutorialsninja.com/demo/index.php?route=product/category&path=20']]
2023-12-19 14:12:31 INFO  HomePage :31 - selectMenuOptions: [[ChromeDriver: chrome on windows (5c12aaa6f3292164ae12a391b3747346)] -> css selector: #menu .see-all]
2023-12-19 14:12:115 INFO  HomePage :43 - mouseHoverToElementAndClick: [[ChromeDriver: chrome on windows (5d8e083b5b896f9c31d44f9e50706853)] -> css selector: .dropdown-toggle[href='https://tutorialsninja.com/demo/index.php?route=product/category&path=20']]
2023-12-19 14:12:131 INFO  HomePage :31 - selectMenuOptions: [[ChromeDriver: chrome on windows (5d8e083b5b896f9c31d44f9e50706853)] -> css selector: #menu .see-all]
2023-12-19 14:12:93 INFO  HomePage :43 - mouseHoverToElementAndClick: [[ChromeDriver: chrome on windows (0ccce070c8b7054f85b29d849adf3d2e)] -> css selector: .dropdown-toggle[href='https://tutorialsninja.com/demo/index.php?route=product/category&path=20']]
2023-12-19 14:12:110 INFO  HomePage :31 - selectMenuOptions: [[ChromeDriver: chrome on windows (0ccce070c8b7054f85b29d849adf3d2e)] -> css selector: #menu .see-all]
2023-12-19 14:12:525 INFO  HomePage :43 - mouseHoverToElementAndClick: [[ChromeDriver: chrome on windows (b2d9c3d79733965a9d8b94b13926a76a)] -> css selector: .dropdown-toggle[href='https://tutorialsninja.com/demo/index.php?route=product/category&path=20']]
2023-12-19 14:12:550 INFO  HomePage :31 - selectMenuOptions: [[ChromeDriver: chrome on windows (b2d9c3d79733965a9d8b94b13926a76a)] -> css selector: #menu .see-all]
2023-12-19 14:12:287 INFO  HomePage :43 - mouseHoverToElementAndClick: [[ChromeDriver: chrome on windows (d32d6efadd966f5f74d0a85a1c59015a)] -> css selector: .dropdown-toggle[href='https://tutorialsninja.com/demo/index.php?route=product/category&path=20']]
2023-12-19 14:12:310 INFO  HomePage :31 - selectMenuOptions: [[ChromeDriver: chrome on windows (d32d6efadd966f5f74d0a85a1c59015a)] -> css selector: #menu .see-all]
2023-12-19 14:12:75 INFO  HomePage :43 - mouseHoverToElementAndClick: [[ChromeDriver: chrome on windows (be5073100c73b93e46e229779693ddd9)] -> css selector: .dropdown-toggle[href='https://tutorialsninja.com/demo/index.php?route=product/category&path=20']]
2023-12-19 14:12:96 INFO  HomePage :31 - selectMenuOptions: [[ChromeDriver: chrome on windows (be5073100c73b93e46e229779693ddd9)] -> css selector: #menu .see-all]
2023-12-19 14:12:556 INFO  HomePage :43 - mouseHoverToElementAndClick: [[ChromeDriver: chrome on windows (e81e4ec3f66e6a24cf0f5009289cf703)] -> css selector: .dropdown-toggle[href='https://tutorialsninja.com/demo/index.php?route=product/category&path=20']]
2023-12-19 14:12:573 INFO  HomePage :31 - selectMenuOptions: [[ChromeDriver: chrome on windows (e81e4ec3f66e6a24cf0f5009289cf703)] -> css selector: #menu .see-all]
2023-12-19 14:12:656 INFO  HomePage :43 - mouseHoverToElementAndClick: [[ChromeDriver: chrome on windows (2611defa3b48d7a7855287ae0ee134f6)] -> css selector: .dropdown-toggle[href='https://tutorialsninja.com/demo/index.php?route=product/category&path=20']]
2023-12-19 14:12:672 INFO  HomePage :31 - selectMenuOptions: [[ChromeDriver: chrome on windows (2611defa3b48d7a7855287ae0ee134f6)] -> css selector: #menu .see-all]
2023-12-19 14:12:278 INFO  HomePage :43 - mouseHoverToElementAndClick: [[ChromeDriver: chrome on windows (6d4b031c982c924001ad3f790ff1b72b)] -> css selector: .dropdown-toggle[href='https://tutorialsninja.com/demo/index.php?route=product/category&path=20']]
2023-12-19 14:12:300 INFO  HomePage :31 - selectMenuOptions: [[ChromeDriver: chrome on windows (6d4b031c982c924001ad3f790ff1b72b)] -> css selector: #menu .see-all]
2023-12-19 14:12:374 INFO  HomePage :43 - mouseHoverToElementAndClick: [[ChromeDriver: chrome on windows (ddc221f8894cc6ea0b3cf1709badd96b)] -> css selector: .dropdown-toggle[href='https://tutorialsninja.com/demo/index.php?route=product/category&path=20']]
2023-12-19 14:12:397 INFO  HomePage :31 - selectMenuOptions: [[ChromeDriver: chrome on windows (ddc221f8894cc6ea0b3cf1709badd96b)] -> css selector: #menu .see-all]
2023-12-19 14:12:521 INFO  HomePage :43 - mouseHoverToElementAndClick: [[ChromeDriver: chrome on windows (b5ad2b4895e8dd6571dd478e42512f77)] -> css selector: .dropdown-toggle[href='https://tutorialsninja.com/demo/index.php?route=product/category&path=20']]
2023-12-19 14:12:538 INFO  HomePage :31 - selectMenuOptions: [[ChromeDriver: chrome on windows (b5ad2b4895e8dd6571dd478e42512f77)] -> css selector: #menu .see-all]
2023-12-19 14:12:639 INFO  HomePage :43 - mouseHoverToElementAndClick: [[ChromeDriver: chrome on windows (6ee9899d34dd10a4c91dcd17691db72f)] -> css selector: .dropdown-toggle[href='https://tutorialsninja.com/demo/index.php?route=product/category&path=20']]
2023-12-19 14:12:656 INFO  HomePage :31 - selectMenuOptions: [[ChromeDriver: chrome on windows (6ee9899d34dd10a4c91dcd17691db72f)] -> css selector: #menu .see-all]
2023-12-19 14:12:898 INFO  HomePage :43 - mouseHoverToElementAndClick: [[ChromeDriver: chrome on windows (675c97042429f88c95214ecd81cbc896)] -> css selector: .dropdown-toggle[href='https://tutorialsninja.com/demo/index.php?route=product/category&path=20']]
2023-12-19 14:12:922 INFO  HomePage :31 - selectMenuOptions: [[ChromeDriver: chrome on windows (675c97042429f88c95214ecd81cbc896)] -> css selector: #menu .see-all]
2023-12-19 14:12:240 INFO  HomePage :43 - mouseHoverToElementAndClick: [[ChromeDriver: chrome on windows (b6ad1e8e1e45ae7549b0e64c0d6cd1bd)] -> css selector: .dropdown-toggle[href='https://tutorialsninja.com/demo/index.php?route=product/category&path=20']]
2023-12-19 14:12:259 INFO  HomePage :31 - selectMenuOptions: [[ChromeDriver: chrome on windows (b6ad1e8e1e45ae7549b0e64c0d6cd1bd)] -> css selector: #menu .see-all]
2023-12-19 14:12:58 INFO  HomePage :43 - mouseHoverToElementAndClick: [[ChromeDriver: chrome on windows (19f56776609320597940dd967ec91616)] -> css selector: .dropdown-toggle[href='https://tutorialsninja.com/demo/index.php?route=product/category&path=20']]
2023-12-19 14:12:77 INFO  HomePage :31 - selectMenuOptions: [[ChromeDriver: chrome on windows (19f56776609320597940dd967ec91616)] -> css selector: #menu .see-all]
2023-12-19 14:12:759 INFO  HomePage :43 - mouseHoverToElementAndClick: [[ChromeDriver: chrome on windows (4c829b8602b24bb20efc839de16deee9)] -> css selector: .dropdown-toggle[href='https://tutorialsninja.com/demo/index.php?route=product/category&path=20']]
2023-12-19 14:12:779 INFO  HomePage :31 - selectMenuOptions: [[ChromeDriver: chrome on windows (4c829b8602b24bb20efc839de16deee9)] -> css selector: #menu .see-all]
2023-12-19 14:12:377 INFO  HomePage :43 - mouseHoverToElementAndClick: [[ChromeDriver: chrome on windows (0d7177596d4ed902849d7724c38ba08c)] -> css selector: .dropdown-toggle[href='https://tutorialsninja.com/demo/index.php?route=product/category&path=20']]
2023-12-19 14:12:395 INFO  HomePage :31 - selectMenuOptions: [[ChromeDriver: chrome on windows (0d7177596d4ed902849d7724c38ba08c)] -> css selector: #menu .see-all]
2023-12-19 14:12:149 INFO  HomePage :43 - mouseHoverToElementAndClick: [[ChromeDriver: chrome on windows (ad4ba296233b2db9932a84af4d91f678)] -> css selector: .dropdown-toggle[href='https://tutorialsninja.com/demo/index.php?route=product/category&path=20']]
2023-12-19 14:12:165 INFO  HomePage :31 - selectMenuOptions: [[ChromeDriver: chrome on windows (ad4ba296233b2db9932a84af4d91f678)] -> css selector: #menu .see-all]
2023-12-19 14:12:949 INFO  HomePage :43 - mouseHoverToElementAndClick: [[ChromeDriver: chrome on windows (419fa4b732a52e1f7efeeba4cab6fd24)] -> css selector: .dropdown-toggle[href='https://tutorialsninja.com/demo/index.php?route=product/category&path=20']]
2023-12-19 14:12:966 INFO  HomePage :31 - selectMenuOptions: [[ChromeDriver: chrome on windows (419fa4b732a52e1f7efeeba4cab6fd24)] -> css selector: #menu .see-all]
2023-12-19 14:12:647 INFO  ComponentsPage :32 - verifyProductsText: [[ChromeDriver: chrome on windows (419fa4b732a52e1f7efeeba4cab6fd24)] -> css selector: div[id='content'] h1]
2023-12-19 14:12:272 INFO  HomePage :43 - mouseHoverToElementAndClick: [[ChromeDriver: chrome on windows (15d0f59f9d157dffc093c06136dc9073)] -> css selector: .dropdown-toggle[href='https://tutorialsninja.com/demo/index.php?route=product/category&path=20']]
2023-12-19 14:12:288 INFO  HomePage :31 - selectMenuOptions: [[ChromeDriver: chrome on windows (15d0f59f9d157dffc093c06136dc9073)] -> css selector: #menu .see-all]
2023-12-19 14:12:903 INFO  DesktopsPage :24 - getTextFromElement : [[ChromeDriver: chrome on windows (15d0f59f9d157dffc093c06136dc9073)] -> css selector: div[id='content'] h2]
2023-12-19 14:12:262 INFO  HomePage :46 - mouseHoverToElementAndClick: [[ChromeDriver: chrome on windows (eabebba0c9f5ea38f58856ee13daa6e1)] -> css selector: .dropdown-toggle[href='https://tutorialsninja.com/demo/index.php?route=product/category&path=20']]
2023-12-19 14:12:575 INFO  HomePage :31 - selectMenuOptions: [[ChromeDriver: chrome on windows (eabebba0c9f5ea38f58856ee13daa6e1)] -> css selector: #menu .see-all]
2023-12-19 14:12:201 INFO  DesktopsPage :19 - getTextNotebooksAndLaptops: [[ChromeDriver: chrome on windows (eabebba0c9f5ea38f58856ee13daa6e1)] -> css selector: div[id='content'] h2]
2023-12-19 14:12:154 INFO  HomePage :50 - mouseHoverToElementAndClick: [[ChromeDriver: chrome on windows (cd27135c948f4f7abb1ba6cd607203fe)] -> css selector: .dropdown-toggle[href='https://tutorialsninja.com/demo/index.php?route=product/category&path=20']]
2023-12-19 14:12:483 INFO  HomePage :31 - selectMenuOptions: [[ChromeDriver: chrome on windows (cd27135c948f4f7abb1ba6cd607203fe)] -> css selector: #menu .see-all]
2023-12-19 14:12:21 INFO  ComponentsPage :18 - getTextComponents: [[ChromeDriver: chrome on windows (cd27135c948f4f7abb1ba6cd607203fe)] -> css selector: div[id='content'] h2]
2023-12-19 14:12:503 INFO  HomePage :43 - mouseHoverToElementAndClick: [[ChromeDriver: chrome on windows (81f1242fa6a01089ee0d96cb4bcfc2d2)] -> css selector: .dropdown-toggle[href='https://tutorialsninja.com/demo/index.php?route=product/category&path=20']]
2023-12-19 14:12:527 INFO  HomePage :31 - selectMenuOptions: [[ChromeDriver: chrome on windows (81f1242fa6a01089ee0d96cb4bcfc2d2)] -> css selector: #menu .see-all]
2023-12-19 14:12:854 INFO  HomePage :43 - mouseHoverToElementAndClick: [[ChromeDriver: chrome on windows (2dd35173906a766c198e0c1caa9c162a)] -> css selector: .dropdown-toggle[href='https://tutorialsninja.com/demo/index.php?route=product/category&path=20']]
2023-12-19 14:12:875 INFO  HomePage :31 - selectMenuOptions: [[ChromeDriver: chrome on windows (2dd35173906a766c198e0c1caa9c162a)] -> css selector: #menu .see-all]
2023-12-19 14:12:999 INFO  HomePage :43 - mouseHoverToElementAndClick: [[ChromeDriver: chrome on windows (2ab3108b00a37ee9ecef99747d5c208b)] -> css selector: .dropdown-toggle[href='https://tutorialsninja.com/demo/index.php?route=product/category&path=20']]
2023-12-19 14:12:17 INFO  HomePage :31 - selectMenuOptions: [[ChromeDriver: chrome on windows (2ab3108b00a37ee9ecef99747d5c208b)] -> css selector: #menu .see-all]
2023-12-19 14:12:436 INFO  HomePage :43 - mouseHoverToElementAndClick: [[ChromeDriver: chrome on windows (816c9c07934c8a2d25c3d1d32959f339)] -> css selector: .dropdown-toggle[href='https://tutorialsninja.com/demo/index.php?route=product/category&path=20']]
2023-12-19 14:12:453 INFO  HomePage :31 - selectMenuOptions: [[ChromeDriver: chrome on windows (816c9c07934c8a2d25c3d1d32959f339)] -> css selector: #menu .see-all]
2023-12-19 14:12:418 INFO  HomePage :43 - mouseHoverToElementAndClick: [[ChromeDriver: chrome on windows (8b981703d4aeb52c2b73b695d6fc4a99)] -> css selector: .dropdown-toggle[href='https://tutorialsninja.com/demo/index.php?route=product/category&path=20']]
2023-12-19 14:12:447 INFO  HomePage :31 - selectMenuOptions: [[ChromeDriver: chrome on windows (8b981703d4aeb52c2b73b695d6fc4a99)] -> css selector: #menu .see-all]
2023-12-19 14:12:618 INFO  HomePage :43 - mouseHoverToElementAndClick: [[ChromeDriver: chrome on windows (84111fe01cefddd5ed6bed93a7f76e0d)] -> css selector: .dropdown-toggle[href='https://tutorialsninja.com/demo/index.php?route=product/category&path=20']]
2023-12-19 14:12:637 INFO  HomePage :31 - selectMenuOptions: [[ChromeDriver: chrome on windows (84111fe01cefddd5ed6bed93a7f76e0d)] -> css selector: #menu .see-all]
2023-12-19 14:12:214 INFO  HomePage :43 - mouseHoverToElementAndClick: [[ChromeDriver: chrome on windows (74e7c7ec8e84bd934d46e675ceaf14df)] -> css selector: .dropdown-toggle[href='https://tutorialsninja.com/demo/index.php?route=product/category&path=20']]
2023-12-19 14:12:233 INFO  HomePage :31 - selectMenuOptions: [[ChromeDriver: chrome on windows (74e7c7ec8e84bd934d46e675ceaf14df)] -> css selector: #menu .see-all]
2023-12-19 14:12:720 INFO  HomePage :43 - mouseHoverToElementAndClick: [[ChromeDriver: chrome on windows (03d06eaac782920e5f813f40984f9053)] -> css selector: .dropdown-toggle[href='https://tutorialsninja.com/demo/index.php?route=product/category&path=20']]
2023-12-19 14:12:740 INFO  HomePage :31 - selectMenuOptions: [[ChromeDriver: chrome on windows (03d06eaac782920e5f813f40984f9053)] -> css selector: #menu .see-all]
2023-12-19 14:12:492 INFO  HomePage :43 - mouseHoverToElementAndClick: [[ChromeDriver: chrome on windows (a36d6c3eca21653230463499c1f73500)] -> css selector: .dropdown-toggle[href='https://tutorialsninja.com/demo/index.php?route=product/category&path=20']]
2023-12-19 14:12:516 INFO  HomePage :31 - selectMenuOptions: [[ChromeDriver: chrome on windows (a36d6c3eca21653230463499c1f73500)] -> css selector: #menu .see-all]
2023-12-19 14:12:901 INFO  HomePage :43 - mouseHoverToElementAndClick: [[ChromeDriver: chrome on windows (6929d6a123afc0a18608876a3eebbf6d)] -> css selector: .dropdown-toggle[href='https://tutorialsninja.com/demo/index.php?route=product/category&path=20']]
2023-12-19 14:12:916 INFO  HomePage :31 - selectMenuOptions: [[ChromeDriver: chrome on windows (6929d6a123afc0a18608876a3eebbf6d)] -> css selector: #menu .see-all]
2023-12-19 14:12:281 INFO  HomePage :43 - mouseHoverToElementAndClick: [[ChromeDriver: chrome on windows (f333c87ee3e067efc89ff72c97194186)] -> css selector: .dropdown-toggle[href='https://tutorialsninja.com/demo/index.php?route=product/category&path=20']]
2023-12-19 14:12:298 INFO  HomePage :31 - selectMenuOptions: [[ChromeDriver: chrome on windows (f333c87ee3e067efc89ff72c97194186)] -> css selector: #menu .see-all]
2023-12-19 14:12:599 INFO  ComponentsPage :32 - verifyProductsText: [[ChromeDriver: chrome on windows (f333c87ee3e067efc89ff72c97194186)] -> css selector: div[id='content'] h1]
2023-12-19 14:12:289 INFO  HomePage :43 - mouseHoverToElementAndClick: [[ChromeDriver: chrome on windows (4a012b7fcf9311d8ad8a5ff3df842508)] -> css selector: .dropdown-toggle[href='https://tutorialsninja.com/demo/index.php?route=product/category&path=20']]
2023-12-19 14:12:310 INFO  HomePage :31 - selectMenuOptions: [[ChromeDriver: chrome on windows (4a012b7fcf9311d8ad8a5ff3df842508)] -> css selector: #menu .see-all]
2023-12-19 14:12:935 INFO  DesktopsPage :24 - getTextFromElement : [[ChromeDriver: chrome on windows (4a012b7fcf9311d8ad8a5ff3df842508)] -> css selector: div[id='content'] h2]
2023-12-19 14:12:195 INFO  HomePage :46 - mouseHoverToElementAndClick: [[ChromeDriver: chrome on windows (d2d1c18a3f5679b0ac420bef665e4c8c)] -> css selector: .dropdown-toggle[href='https://tutorialsninja.com/demo/index.php?route=product/category&path=20']]
2023-12-19 14:12:374 INFO  HomePage :31 - selectMenuOptions: [[ChromeDriver: chrome on windows (d2d1c18a3f5679b0ac420bef665e4c8c)] -> css selector: #menu .see-all]
2023-12-19 14:12:971 INFO  DesktopsPage :19 - getTextNotebooksAndLaptops: [[ChromeDriver: chrome on windows (d2d1c18a3f5679b0ac420bef665e4c8c)] -> css selector: div[id='content'] h2]
2023-12-19 14:12:422 INFO  HomePage :50 - mouseHoverToElementAndClick: [[ChromeDriver: chrome on windows (806fca9e106f84dfae32aa0798e0e133)] -> css selector: .dropdown-toggle[href='https://tutorialsninja.com/demo/index.php?route=product/category&path=20']]
2023-12-19 14:12:613 INFO  HomePage :31 - selectMenuOptions: [[ChromeDriver: chrome on windows (806fca9e106f84dfae32aa0798e0e133)] -> css selector: #menu .see-all]
2023-12-19 14:12:164 INFO  ComponentsPage :18 - getTextComponents: [[ChromeDriver: chrome on windows (806fca9e106f84dfae32aa0798e0e133)] -> css selector: div[id='content'] h2]
2023-12-19 17:12:446 INFO  HomePage :46 - mouseHoverToElementAndClick: [[ChromeDriver: chrome on windows (abf44f9a68a9eed309595ef688390351)] -> css selector: .dropdown-toggle[href='https://tutorialsninja.com/demo/index.php?route=product/category&path=20']]
2023-12-19 17:12:649 INFO  HomePage :31 - selectMenuOptions: [[ChromeDriver: chrome on windows (abf44f9a68a9eed309595ef688390351)] -> css selector: #menu .see-all]
2023-12-19 17:12:86 INFO  HomePage :46 - mouseHoverToElementAndClick: [[ChromeDriver: chrome on windows (362ef45c3e03a0661f201cc9f972f660)] -> css selector: .dropdown-toggle[href='https://tutorialsninja.com/demo/index.php?route=product/category&path=20']]
2023-12-19 17:12:413 INFO  HomePage :31 - selectMenuOptions: [[ChromeDriver: chrome on windows (362ef45c3e03a0661f201cc9f972f660)] -> css selector: #menu .see-all]
2023-12-19 17:12:225 INFO  DesktopsPage :50 - Select product macbook [2000.0, 1202.0, 1202.0, 602.0, 122.0]
2023-12-19 17:12:70 INFO  HomePage :43 - mouseHoverToElementAndClick: [[ChromeDriver: chrome on windows (0bdd8bd0b1045630745a324d46527712)] -> css selector: .dropdown-toggle[href='https://tutorialsninja.com/demo/index.php?route=product/category&path=20']]
2023-12-19 17:12:96 INFO  HomePage :31 - selectMenuOptions: [[ChromeDriver: chrome on windows (0bdd8bd0b1045630745a324d46527712)] -> css selector: #menu .see-all]
2023-12-19 17:12:847 INFO  DesktopsPage :24 - getTextFromElement : [[ChromeDriver: chrome on windows (0bdd8bd0b1045630745a324d46527712)] -> css selector: div[id='content'] h2]
2023-12-19 17:12:497 INFO  HomePage :46 - mouseHoverToElementAndClick: [[ChromeDriver: chrome on windows (5de0e1225692579ab0ca1f551d568bd4)] -> css selector: .dropdown-toggle[href='https://tutorialsninja.com/demo/index.php?route=product/category&path=20']]
2023-12-19 17:12:716 INFO  HomePage :31 - selectMenuOptions: [[ChromeDriver: chrome on windows (5de0e1225692579ab0ca1f551d568bd4)] -> css selector: #menu .see-all]
2023-12-19 17:12:897 INFO  DesktopsPage :50 - Select product macbook [2000.0, 1202.0, 1202.0, 602.0, 122.0]
2023-12-19 17:12:96 INFO  HomePage :46 - mouseHoverToElementAndClick: [[ChromeDriver: chrome on windows (6f0d1d1f760262ef2dc06733bb83dd46)] -> css selector: .dropdown-toggle[href='https://tutorialsninja.com/demo/index.php?route=product/category&path=20']]
2023-12-19 17:12:281 INFO  HomePage :31 - selectMenuOptions: [[ChromeDriver: chrome on windows (6f0d1d1f760262ef2dc06733bb83dd46)] -> css selector: #menu .see-all]
2023-12-19 17:12:922 INFO  HomePage :43 - mouseHoverToElementAndClick: [[ChromeDriver: chrome on windows (53416cadcbbb1226cc4e4b255a1e9fa1)] -> css selector: .dropdown-toggle[href='https://tutorialsninja.com/demo/index.php?route=product/category&path=20']]
2023-12-19 17:12:947 INFO  HomePage :31 - selectMenuOptions: [[ChromeDriver: chrome on windows (53416cadcbbb1226cc4e4b255a1e9fa1)] -> css selector: #menu .see-all]
2023-12-19 17:12:559 INFO  DesktopsPage :24 - getTextFromElement : [[ChromeDriver: chrome on windows (53416cadcbbb1226cc4e4b255a1e9fa1)] -> css selector: div[id='content'] h2]
2023-12-19 17:12:43 INFO  HomePage :46 - mouseHoverToElementAndClick: [[ChromeDriver: chrome on windows (05d137f3b006c4ee8c8b32ddd8cf1455)] -> css selector: .dropdown-toggle[href='https://tutorialsninja.com/demo/index.php?route=product/category&path=20']]
2023-12-19 17:12:336 INFO  HomePage :31 - selectMenuOptions: [[ChromeDriver: chrome on windows (05d137f3b006c4ee8c8b32ddd8cf1455)] -> css selector: #menu .see-all]
2023-12-19 17:12:666 INFO  DesktopsPage :50 - Select product macbook [2000.0, 1202.0, 1202.0, 602.0, 122.0]
2023-12-19 17:12:891 INFO  HomePage :46 - mouseHoverToElementAndClick: [[ChromeDriver: chrome on windows (0b02efc2a3912b659b56e4d33466e8fd)] -> css selector: .dropdown-toggle[href='https://tutorialsninja.com/demo/index.php?route=product/category&path=20']]
2023-12-19 17:12:80 INFO  HomePage :31 - selectMenuOptions: [[ChromeDriver: chrome on windows (0b02efc2a3912b659b56e4d33466e8fd)] -> css selector: #menu .see-all]
2023-12-19 17:12:828 INFO  HomePage :43 - mouseHoverToElementAndClick: [[ChromeDriver: chrome on windows (4a06fc996c458e42fae11820e46663a4)] -> css selector: .dropdown-toggle[href='https://tutorialsninja.com/demo/index.php?route=product/category&path=20']]
2023-12-19 17:12:850 INFO  HomePage :31 - selectMenuOptions: [[ChromeDriver: chrome on windows (4a06fc996c458e42fae11820e46663a4)] -> css selector: #menu .see-all]
2023-12-19 17:12:522 INFO  DesktopsPage :24 - getTextFromElement : [[ChromeDriver: chrome on windows (4a06fc996c458e42fae11820e46663a4)] -> css selector: div[id='content'] h2]
2023-12-19 17:12:856 INFO  HomePage :46 - mouseHoverToElementAndClick: [[ChromeDriver: chrome on windows (c1c44e8a5afb09a0d934b8503f8f8c89)] -> css selector: .dropdown-toggle[href='https://tutorialsninja.com/demo/index.php?route=product/category&path=20']]
2023-12-19 17:12:69 INFO  HomePage :31 - selectMenuOptions: [[ChromeDriver: chrome on windows (c1c44e8a5afb09a0d934b8503f8f8c89)] -> css selector: #menu .see-all]
2023-12-19 17:12:456 INFO  DesktopsPage :50 - Select product macbook [2000.0, 1202.0, 1202.0, 602.0, 122.0]
2023-12-19 17:12:830 INFO  HomePage :46 - mouseHoverToElementAndClick: [[ChromeDriver: chrome on windows (c5f286fe96f09ceaaf3e926b789f6d6b)] -> css selector: .dropdown-toggle[href='https://tutorialsninja.com/demo/index.php?route=product/category&path=20']]
2023-12-19 17:12:15 INFO  HomePage :31 - selectMenuOptions: [[ChromeDriver: chrome on windows (c5f286fe96f09ceaaf3e926b789f6d6b)] -> css selector: #menu .see-all]
2023-12-19 17:12:355 INFO  HomePage :43 - mouseHoverToElementAndClick: [[ChromeDriver: chrome on windows (a5e6a2c28ce786ea9673f202b2efdd0c)] -> css selector: .dropdown-toggle[href='https://tutorialsninja.com/demo/index.php?route=product/category&path=20']]
2023-12-19 17:12:378 INFO  HomePage :31 - selectMenuOptions: [[ChromeDriver: chrome on windows (a5e6a2c28ce786ea9673f202b2efdd0c)] -> css selector: #menu .see-all]
2023-12-19 17:12:225 INFO  DesktopsPage :24 - getTextFromElement : [[ChromeDriver: chrome on windows (a5e6a2c28ce786ea9673f202b2efdd0c)] -> css selector: div[id='content'] h2]
2023-12-19 17:12:552 INFO  HomePage :46 - mouseHoverToElementAndClick: [[ChromeDriver: chrome on windows (1a99de1f9184b8003c463ada3c2f6dbb)] -> css selector: .dropdown-toggle[href='https://tutorialsninja.com/demo/index.php?route=product/category&path=20']]
2023-12-19 17:12:758 INFO  HomePage :31 - selectMenuOptions: [[ChromeDriver: chrome on windows (1a99de1f9184b8003c463ada3c2f6dbb)] -> css selector: #menu .see-all]
2023-12-19 17:12:70 INFO  DesktopsPage :50 - Select product macbook [2000.0, 1202.0, 1202.0, 602.0, 122.0]
2023-12-19 17:12:673 INFO  HomePage :46 - mouseHoverToElementAndClick: [[ChromeDriver: chrome on windows (17e8a8b91949f822094ef0040b30615e)] -> css selector: .dropdown-toggle[href='https://tutorialsninja.com/demo/index.php?route=product/category&path=20']]
2023-12-19 17:12:852 INFO  HomePage :31 - selectMenuOptions: [[ChromeDriver: chrome on windows (17e8a8b91949f822094ef0040b30615e)] -> css selector: #menu .see-all]
2023-12-19 17:12:909 INFO  ComponentsPage :28 - clickOnShoppingCartDisplay: [[ChromeDriver: chrome on windows (17e8a8b91949f822094ef0040b30615e)] -> xpath: //div//a[normalize-space()='shopping cart']]
2023-12-19 17:12:101 INFO  HomePage :43 - mouseHoverToElementAndClick: [[ChromeDriver: chrome on windows (ff6d0669722a5e2ca807cb49cdaceb8b)] -> css selector: .dropdown-toggle[href='https://tutorialsninja.com/demo/index.php?route=product/category&path=20']]
2023-12-19 17:12:118 INFO  HomePage :31 - selectMenuOptions: [[ChromeDriver: chrome on windows (ff6d0669722a5e2ca807cb49cdaceb8b)] -> css selector: #menu .see-all]
2023-12-19 17:12:726 INFO  DesktopsPage :24 - getTextFromElement : [[ChromeDriver: chrome on windows (ff6d0669722a5e2ca807cb49cdaceb8b)] -> css selector: div[id='content'] h2]
2023-12-19 17:12:882 INFO  HomePage :46 - mouseHoverToElementAndClick: [[ChromeDriver: chrome on windows (ac21181c0e7ff175173dd6bd192c3a97)] -> css selector: .dropdown-toggle[href='https://tutorialsninja.com/demo/index.php?route=product/category&path=20']]
2023-12-19 17:12:138 INFO  HomePage :31 - selectMenuOptions: [[ChromeDriver: chrome on windows (ac21181c0e7ff175173dd6bd192c3a97)] -> css selector: #menu .see-all]
2023-12-19 17:12:367 INFO  DesktopsPage :50 - Select product macbook [2000.0, 1202.0, 1202.0, 602.0, 122.0]
2023-12-19 17:12:484 INFO  HomePage :46 - mouseHoverToElementAndClick: [[ChromeDriver: chrome on windows (891480b65f3709e96f3edae0c3356342)] -> css selector: .dropdown-toggle[href='https://tutorialsninja.com/demo/index.php?route=product/category&path=20']]
2023-12-19 17:12:695 INFO  HomePage :31 - selectMenuOptions: [[ChromeDriver: chrome on windows (891480b65f3709e96f3edae0c3356342)] -> css selector: #menu .see-all]
2023-12-19 17:12:12 INFO  ComponentsPage :28 - clickOnShoppingCartDisplay: [[ChromeDriver: chrome on windows (891480b65f3709e96f3edae0c3356342)] -> xpath: //div//a[normalize-space()='shopping cart']]
2023-12-19 17:12:37 INFO  HomePage :43 - mouseHoverToElementAndClick: [[ChromeDriver: chrome on windows (36e6fec0be0cac267aad84418c5002c5)] -> css selector: .dropdown-toggle[href='https://tutorialsninja.com/demo/index.php?route=product/category&path=20']]
2023-12-19 17:12:58 INFO  HomePage :31 - selectMenuOptions: [[ChromeDriver: chrome on windows (36e6fec0be0cac267aad84418c5002c5)] -> css selector: #menu .see-all]
2023-12-19 17:12:759 INFO  DesktopsPage :24 - getTextFromElement : [[ChromeDriver: chrome on windows (36e6fec0be0cac267aad84418c5002c5)] -> css selector: div[id='content'] h2]
2023-12-19 17:12:545 INFO  HomePage :46 - mouseHoverToElementAndClick: [[ChromeDriver: chrome on windows (46b898e2d27e942c3acdb149436c8105)] -> css selector: .dropdown-toggle[href='https://tutorialsninja.com/demo/index.php?route=product/category&path=20']]
2023-12-19 17:12:754 INFO  HomePage :31 - selectMenuOptions: [[ChromeDriver: chrome on windows (46b898e2d27e942c3acdb149436c8105)] -> css selector: #menu .see-all]
2023-12-19 17:12:41 INFO  DesktopsPage :50 - Select product macbook [2000.0, 1202.0, 1202.0, 602.0, 122.0]
2023-12-19 17:12:346 INFO  HomePage :46 - mouseHoverToElementAndClick: [[ChromeDriver: chrome on windows (26be019b181ab17cdfe958b1f9ee3ece)] -> css selector: .dropdown-toggle[href='https://tutorialsninja.com/demo/index.php?route=product/category&path=20']]
2023-12-19 17:12:742 INFO  HomePage :31 - selectMenuOptions: [[ChromeDriver: chrome on windows (26be019b181ab17cdfe958b1f9ee3ece)] -> css selector: #menu .see-all]
2023-12-19 17:12:770 INFO  ComponentsPage :28 - clickOnShoppingCartDisplay: [[ChromeDriver: chrome on windows (26be019b181ab17cdfe958b1f9ee3ece)] -> xpath: //div//a[normalize-space()='shopping cart']]
2023-12-19 17:12:696 INFO  HomePage :43 - mouseHoverToElementAndClick: [[ChromeDriver: chrome on windows (1c70c6b8acb5139b1f6a464a5d98055a)] -> css selector: .dropdown-toggle[href='https://tutorialsninja.com/demo/index.php?route=product/category&path=20']]
2023-12-19 17:12:713 INFO  HomePage :31 - selectMenuOptions: [[ChromeDriver: chrome on windows (1c70c6b8acb5139b1f6a464a5d98055a)] -> css selector: #menu .see-all]
2023-12-19 17:12:350 INFO  DesktopsPage :24 - getTextFromElement : [[ChromeDriver: chrome on windows (1c70c6b8acb5139b1f6a464a5d98055a)] -> css selector: div[id='content'] h2]
2023-12-19 18:12:458 INFO  HomePage :46 - mouseHoverToElementAndClick: [[ChromeDriver: chrome on windows (23ff072675d076a339220391de727a9c)] -> css selector: .dropdown-toggle[href='https://tutorialsninja.com/demo/index.php?route=product/category&path=20']]
2023-12-19 18:12:648 INFO  HomePage :31 - selectMenuOptions: [[ChromeDriver: chrome on windows (23ff072675d076a339220391de727a9c)] -> css selector: #menu .see-all]
2023-12-19 18:12:938 INFO  DesktopsPage :50 - Select product macbook [2000.0, 1202.0, 1202.0, 602.0, 122.0]
2023-12-19 18:12:402 INFO  HomePage :46 - mouseHoverToElementAndClick: [[ChromeDriver: chrome on windows (88e4d9480bd5ecb4af244550612f410a)] -> css selector: .dropdown-toggle[href='https://tutorialsninja.com/demo/index.php?route=product/category&path=20']]
2023-12-19 18:12:613 INFO  HomePage :31 - selectMenuOptions: [[ChromeDriver: chrome on windows (88e4d9480bd5ecb4af244550612f410a)] -> css selector: #menu .see-all]
2023-12-19 18:12:971 INFO  ComponentsPage :28 - clickOnShoppingCartDisplay: [[ChromeDriver: chrome on windows (88e4d9480bd5ecb4af244550612f410a)] -> xpath: //div//a[normalize-space()='shopping cart']]
2023-12-19 18:12:205 INFO  HomePage :43 - mouseHoverToElementAndClick: [[ChromeDriver: chrome on windows (d3933b5878d20e0896345ea05c896ead)] -> css selector: .dropdown-toggle[href='https://tutorialsninja.com/demo/index.php?route=product/category&path=20']]
2023-12-19 18:12:221 INFO  HomePage :31 - selectMenuOptions: [[ChromeDriver: chrome on windows (d3933b5878d20e0896345ea05c896ead)] -> css selector: #menu .see-all]
2023-12-19 18:12:835 INFO  DesktopsPage :24 - getTextFromElement : [[ChromeDriver: chrome on windows (d3933b5878d20e0896345ea05c896ead)] -> css selector: div[id='content'] h2]
2023-12-19 18:12:218 INFO  HomePage :46 - mouseHoverToElementAndClick: [[ChromeDriver: chrome on windows (7f0ae1d7c3c8ea7d52ed46cef32f6cf1)] -> css selector: .dropdown-toggle[href='https://tutorialsninja.com/demo/index.php?route=product/category&path=20']]
2023-12-19 18:12:436 INFO  HomePage :31 - selectMenuOptions: [[ChromeDriver: chrome on windows (7f0ae1d7c3c8ea7d52ed46cef32f6cf1)] -> css selector: #menu .see-all]
2023-12-19 18:12:703 INFO  DesktopsPage :50 - Select product macbook [2000.0, 1202.0, 1202.0, 602.0, 122.0]
2023-12-19 18:12:914 INFO  HomePage :46 - mouseHoverToElementAndClick: [[ChromeDriver: chrome on windows (143077805a965d09b3a646c177801fe2)] -> css selector: .dropdown-toggle[href='https://tutorialsninja.com/demo/index.php?route=product/category&path=20']]
2023-12-19 18:12:98 INFO  HomePage :31 - selectMenuOptions: [[ChromeDriver: chrome on windows (143077805a965d09b3a646c177801fe2)] -> css selector: #menu .see-all]
2023-12-19 18:12:466 INFO  ComponentsPage :28 - clickOnShoppingCartDisplay: [[ChromeDriver: chrome on windows (143077805a965d09b3a646c177801fe2)] -> xpath: //div//a[normalize-space()='shopping cart']]
2023-12-19 18:12:933 INFO  HomePage :43 - mouseHoverToElementAndClick: [[ChromeDriver: chrome on windows (e4cad5185bf3110f769318f70a2ee45d)] -> css selector: .dropdown-toggle[href='https://tutorialsninja.com/demo/index.php?route=product/category&path=20']]
2023-12-19 18:12:957 INFO  HomePage :31 - selectMenuOptions: [[ChromeDriver: chrome on windows (e4cad5185bf3110f769318f70a2ee45d)] -> css selector: #menu .see-all]
2023-12-19 18:12:689 INFO  DesktopsPage :24 - getTextFromElement : [[ChromeDriver: chrome on windows (e4cad5185bf3110f769318f70a2ee45d)] -> css selector: div[id='content'] h2]
2023-12-19 18:12:455 INFO  HomePage :46 - mouseHoverToElementAndClick: [[ChromeDriver: chrome on windows (330a5b46e1d536d1186b156aae4ed821)] -> css selector: .dropdown-toggle[href='https://tutorialsninja.com/demo/index.php?route=product/category&path=20']]
2023-12-19 18:12:659 INFO  HomePage :31 - selectMenuOptions: [[ChromeDriver: chrome on windows (330a5b46e1d536d1186b156aae4ed821)] -> css selector: #menu .see-all]
2023-12-19 18:12:79 INFO  DesktopsPage :50 - Select product macbook [2000.0, 1202.0, 1202.0, 602.0, 122.0]
2023-12-19 18:12:246 INFO  HomePage :46 - mouseHoverToElementAndClick: [[ChromeDriver: chrome on windows (98be820243088e047d971a9650cf51dc)] -> css selector: .dropdown-toggle[href='https://tutorialsninja.com/demo/index.php?route=product/category&path=20']]
2023-12-19 18:12:529 INFO  HomePage :31 - selectMenuOptions: [[ChromeDriver: chrome on windows (98be820243088e047d971a9650cf51dc)] -> css selector: #menu .see-all]
2023-12-19 18:12:956 INFO  ComponentsPage :28 - clickOnShoppingCartDisplay: [[ChromeDriver: chrome on windows (98be820243088e047d971a9650cf51dc)] -> xpath: //div//a[normalize-space()='shopping cart']]
2023-12-19 18:12:802 INFO  HomePage :43 - mouseHoverToElementAndClick: [[ChromeDriver: chrome on windows (9a0f51655b5f4ca1abbab8e3026b29fd)] -> css selector: .dropdown-toggle[href='https://tutorialsninja.com/demo/index.php?route=product/category&path=20']]
2023-12-19 18:12:828 INFO  HomePage :31 - selectMenuOptions: [[ChromeDriver: chrome on windows (9a0f51655b5f4ca1abbab8e3026b29fd)] -> css selector: #menu .see-all]
2023-12-19 18:12:515 INFO  DesktopsPage :24 - getTextFromElement : [[ChromeDriver: chrome on windows (9a0f51655b5f4ca1abbab8e3026b29fd)] -> css selector: div[id='content'] h2]
2023-12-19 18:12:683 INFO  HomePage :46 - mouseHoverToElementAndClick: [[ChromeDriver: chrome on windows (414efed9e131be213ca8e8fb4d25c4f4)] -> css selector: .dropdown-toggle[href='https://tutorialsninja.com/demo/index.php?route=product/category&path=20']]
2023-12-19 18:12:972 INFO  HomePage :31 - selectMenuOptions: [[ChromeDriver: chrome on windows (414efed9e131be213ca8e8fb4d25c4f4)] -> css selector: #menu .see-all]
2023-12-19 18:12:241 INFO  DesktopsPage :50 - Select product macbook [2000.0, 1202.0, 1202.0, 602.0, 122.0]
2023-12-19 18:12:472 INFO  HomePage :46 - mouseHoverToElementAndClick: [[ChromeDriver: chrome on windows (27fae81bfa4ea9c254f18c8067d884d9)] -> css selector: .dropdown-toggle[href='https://tutorialsninja.com/demo/index.php?route=product/category&path=20']]
2023-12-19 18:12:650 INFO  HomePage :31 - selectMenuOptions: [[ChromeDriver: chrome on windows (27fae81bfa4ea9c254f18c8067d884d9)] -> css selector: #menu .see-all]
2023-12-19 18:12:802 INFO  ComponentsPage :28 - clickOnShoppingCartDisplay: [[ChromeDriver: chrome on windows (27fae81bfa4ea9c254f18c8067d884d9)] -> xpath: //div//a[normalize-space()='shopping cart']]
2023-12-19 18:12:93 INFO  HomePage :43 - mouseHoverToElementAndClick: [[ChromeDriver: chrome on windows (dacdbcc5d814ef5768e5a6b30c50abef)] -> css selector: .dropdown-toggle[href='https://tutorialsninja.com/demo/index.php?route=product/category&path=20']]
2023-12-19 18:12:115 INFO  HomePage :31 - selectMenuOptions: [[ChromeDriver: chrome on windows (dacdbcc5d814ef5768e5a6b30c50abef)] -> css selector: #menu .see-all]
2023-12-19 18:12:684 INFO  DesktopsPage :24 - getTextFromElement : [[ChromeDriver: chrome on windows (dacdbcc5d814ef5768e5a6b30c50abef)] -> css selector: div[id='content'] h2]
2023-12-19 18:12:477 INFO  HomePage :46 - mouseHoverToElementAndClick: [[ChromeDriver: chrome on windows (d66175e5c752b1f7182c1f46b0e89c2b)] -> css selector: .dropdown-toggle[href='https://tutorialsninja.com/demo/index.php?route=product/category&path=20']]
2023-12-19 18:12:666 INFO  HomePage :31 - selectMenuOptions: [[ChromeDriver: chrome on windows (d66175e5c752b1f7182c1f46b0e89c2b)] -> css selector: #menu .see-all]
2023-12-19 18:12:903 INFO  DesktopsPage :50 - Select product macbook [2000.0, 1202.0, 1202.0, 602.0, 122.0]
2023-12-19 18:12:383 INFO  HomePage :46 - mouseHoverToElementAndClick: [[ChromeDriver: chrome on windows (9a79eff69d7eba24d566fb1a0c3267a5)] -> css selector: .dropdown-toggle[href='https://tutorialsninja.com/demo/index.php?route=product/category&path=20']]
2023-12-19 18:12:825 INFO  HomePage :31 - selectMenuOptions: [[ChromeDriver: chrome on windows (9a79eff69d7eba24d566fb1a0c3267a5)] -> css selector: #menu .see-all]
2023-12-19 18:12:257 INFO  ComponentsPage :28 - clickOnShoppingCartDisplay: [[ChromeDriver: chrome on windows (9a79eff69d7eba24d566fb1a0c3267a5)] -> xpath: //div//a[normalize-space()='shopping cart']]
2023-12-19 18:12:898 INFO  ComponentsPage :141 - Mandatory fields 
2023-12-19 18:12:535 INFO  HomePage :43 - mouseHoverToElementAndClick: [[ChromeDriver: chrome on windows (61857b1cfffebd83fad090f69a1b8ef5)] -> css selector: .dropdown-toggle[href='https://tutorialsninja.com/demo/index.php?route=product/category&path=20']]
2023-12-19 18:12:559 INFO  HomePage :31 - selectMenuOptions: [[ChromeDriver: chrome on windows (61857b1cfffebd83fad090f69a1b8ef5)] -> css selector: #menu .see-all]
2023-12-19 18:12:229 INFO  DesktopsPage :24 - getTextFromElement : [[ChromeDriver: chrome on windows (61857b1cfffebd83fad090f69a1b8ef5)] -> css selector: div[id='content'] h2]
2023-12-19 18:12:371 INFO  HomePage :46 - mouseHoverToElementAndClick: [[ChromeDriver: chrome on windows (f03e6ab3b845ec91e51a64e645c0050a)] -> css selector: .dropdown-toggle[href='https://tutorialsninja.com/demo/index.php?route=product/category&path=20']]
2023-12-19 18:12:660 INFO  HomePage :31 - selectMenuOptions: [[ChromeDriver: chrome on windows (f03e6ab3b845ec91e51a64e645c0050a)] -> css selector: #menu .see-all]
2023-12-19 18:12:916 INFO  DesktopsPage :50 - Select product macbook [2000.0, 1202.0, 1202.0, 602.0, 122.0]
2023-12-19 18:12:912 INFO  HomePage :46 - mouseHoverToElementAndClick: [[ChromeDriver: chrome on windows (0a97ab8fd923e63c01ee4a64e117065d)] -> css selector: .dropdown-toggle[href='https://tutorialsninja.com/demo/index.php?route=product/category&path=20']]
2023-12-19 18:12:211 INFO  HomePage :31 - selectMenuOptions: [[ChromeDriver: chrome on windows (0a97ab8fd923e63c01ee4a64e117065d)] -> css selector: #menu .see-all]
2023-12-19 18:12:574 INFO  ComponentsPage :28 - clickOnShoppingCartDisplay: [[ChromeDriver: chrome on windows (0a97ab8fd923e63c01ee4a64e117065d)] -> xpath: //div//a[normalize-space()='shopping cart']]
2023-12-19 18:12:91 INFO  ComponentsPage :141 - Mandatory fields 
2023-12-19 18:12:377 INFO  HomePage :43 - mouseHoverToElementAndClick: [[ChromeDriver: chrome on windows (95b95867f32aabdd48257286cba48052)] -> css selector: .dropdown-toggle[href='https://tutorialsninja.com/demo/index.php?route=product/category&path=20']]
2023-12-19 18:12:401 INFO  HomePage :31 - selectMenuOptions: [[ChromeDriver: chrome on windows (95b95867f32aabdd48257286cba48052)] -> css selector: #menu .see-all]
2023-12-19 18:12:40 INFO  DesktopsPage :24 - getTextFromElement : [[ChromeDriver: chrome on windows (95b95867f32aabdd48257286cba48052)] -> css selector: div[id='content'] h2]
2023-12-19 19:12:257 INFO  HomePage :43 - mouseHoverToElementAndClick: [[ChromeDriver: chrome on windows (96aae7f64afbe821bafe14a514651210)] -> css selector: .dropdown-toggle[href='https://tutorialsninja.com/demo/index.php?route=product/category&path=20']]
2023-12-19 19:12:286 INFO  HomePage :31 - selectMenuOptions: [[ChromeDriver: chrome on windows (96aae7f64afbe821bafe14a514651210)] -> css selector: #menu .see-all]
2023-12-19 19:12:629 INFO  DesktopsPage :93 - Get text from element Proxy element for: DefaultElementLocator 'By.cssSelector: div[id='content'] h1'
2023-12-19 19:12:292 INFO  DesktopsPage :93 - Get text from element Proxy element for: DefaultElementLocator 'By.cssSelector: div[id='content'] h1'
2023-12-19 19:12:569 INFO  HomePage :46 - mouseHoverToElementAndClick: [[ChromeDriver: chrome on windows (7dfbb2dd7e9fd0f229dbd3dfc4e7f913)] -> css selector: .dropdown-toggle[href='https://tutorialsninja.com/demo/index.php?route=product/category&path=20']]
2023-12-19 19:12:755 INFO  HomePage :31 - selectMenuOptions: [[ChromeDriver: chrome on windows (7dfbb2dd7e9fd0f229dbd3dfc4e7f913)] -> css selector: #menu .see-all]
2023-12-19 19:12:458 INFO  DesktopsPage :25 - getTextNotebooksAndLaptops: [[ChromeDriver: chrome on windows (7dfbb2dd7e9fd0f229dbd3dfc4e7f913)] -> css selector: div[id='content'] h2]
2023-12-19 19:12:846 INFO  DesktopsPage :93 - Get text from element Proxy element for: DefaultElementLocator 'By.cssSelector: #content h1'
2023-12-19 19:12:405 INFO  DesktopsPage :93 - Get text from element Proxy element for: DefaultElementLocator 'By.cssSelector: #content h1'
2023-12-19 19:12:483 INFO  DesktopsPage :93 - Get text from element Proxy element for: DefaultElementLocator 'By.cssSelector: #content h1'
2023-12-19 19:12:591 INFO  DesktopsPage :93 - Get text from element Proxy element for: DefaultElementLocator 'By.cssSelector: #content h1'
2023-12-19 19:12:790 INFO  DesktopsPage :94 - Get text from element Proxy element for: DefaultElementLocator 'By.cssSelector: #content h1'
2023-12-19 20:12:07 INFO  DesktopsPage :94 - Get text from element Proxy element for: DefaultElementLocator 'By.cssSelector: #content h1'
2023-12-19 20:12:617 INFO  DesktopsPage :94 - Get text from element Proxy element for: DefaultElementLocator 'By.cssSelector: #content h1'
2023-12-19 20:12:530 INFO  DesktopsPage :94 - Get text from element Proxy element for: DefaultElementLocator 'By.cssSelector: #content h1'
2023-12-19 20:12:475 INFO  DesktopsPage :95 - Get text from element Proxy element for: DefaultElementLocator 'By.xpath: //h1[normalize-space()='Register Account']'
2023-12-19 20:12:118 INFO  DesktopsPage :97 - Get text from element Proxy element for: DefaultElementLocator 'By.xpath: //h1[normalize-space()='Register Account']'
2023-12-19 20:12:641 INFO  DesktopsPage :97 - Get text from element Proxy element for: DefaultElementLocator 'By.xpath: //h1[normalize-space()='Register Account']'
2023-12-19 20:12:103 INFO  HomePage :43 - mouseHoverToElementAndClick: [[ChromeDriver: chrome on windows (170e2927d78db6de17a07e29b55dd6ad)] -> css selector: .dropdown-toggle[href='https://tutorialsninja.com/demo/index.php?route=product/category&path=20']]
2023-12-19 20:12:224 INFO  HomePage :31 - selectMenuOptions: [[ChromeDriver: chrome on windows (170e2927d78db6de17a07e29b55dd6ad)] -> css selector: #menu .see-all]
2023-12-19 20:12:477 INFO  HomePage :43 - mouseHoverToElementAndClick: [[ChromeDriver: chrome on windows (c451f088aeeacb8a373356f9ed9952fb)] -> css selector: .dropdown-toggle[href='https://tutorialsninja.com/demo/index.php?route=product/category&path=20']]
2023-12-19 20:12:521 INFO  HomePage :31 - selectMenuOptions: [[ChromeDriver: chrome on windows (c451f088aeeacb8a373356f9ed9952fb)] -> css selector: #menu .see-all]
2023-12-19 20:12:849 INFO  HomePage :43 - mouseHoverToElementAndClick: [[ChromeDriver: chrome on windows (724223007250106d97ac73698e398010)] -> css selector: .dropdown-toggle[href='https://tutorialsninja.com/demo/index.php?route=product/category&path=20']]
2023-12-19 20:12:888 INFO  HomePage :31 - selectMenuOptions: [[ChromeDriver: chrome on windows (724223007250106d97ac73698e398010)] -> css selector: #menu .see-all]
2023-12-19 20:12:865 INFO  HomePage :43 - mouseHoverToElementAndClick: [[ChromeDriver: chrome on windows (fade795e0242f3da02322b81e8a1635e)] -> css selector: .dropdown-toggle[href='https://tutorialsninja.com/demo/index.php?route=product/category&path=20']]
2023-12-19 20:12:901 INFO  HomePage :31 - selectMenuOptions: [[ChromeDriver: chrome on windows (fade795e0242f3da02322b81e8a1635e)] -> css selector: #menu .see-all]
2023-12-19 20:12:240 INFO  HomePage :43 - mouseHoverToElementAndClick: [[ChromeDriver: chrome on windows (c30842548270deff48405e4a9ed27632)] -> css selector: .dropdown-toggle[href='https://tutorialsninja.com/demo/index.php?route=product/category&path=20']]
2023-12-19 20:12:269 INFO  HomePage :31 - selectMenuOptions: [[ChromeDriver: chrome on windows (c30842548270deff48405e4a9ed27632)] -> css selector: #menu .see-all]
2023-12-19 20:12:553 INFO  HomePage :43 - mouseHoverToElementAndClick: [[ChromeDriver: chrome on windows (41c96023bf0405e2a4ab6b6338b3dc99)] -> css selector: .dropdown-toggle[href='https://tutorialsninja.com/demo/index.php?route=product/category&path=20']]
2023-12-19 20:12:583 INFO  HomePage :31 - selectMenuOptions: [[ChromeDriver: chrome on windows (41c96023bf0405e2a4ab6b6338b3dc99)] -> css selector: #menu .see-all]
2023-12-19 20:12:588 INFO  HomePage :43 - mouseHoverToElementAndClick: [[ChromeDriver: chrome on windows (6259736719dac92817cffe64bbe2ff61)] -> css selector: .dropdown-toggle[href='https://tutorialsninja.com/demo/index.php?route=product/category&path=20']]
2023-12-19 20:12:624 INFO  HomePage :31 - selectMenuOptions: [[ChromeDriver: chrome on windows (6259736719dac92817cffe64bbe2ff61)] -> css selector: #menu .see-all]
2023-12-19 20:12:61 INFO  ComponentsPage :32 - verifyProductsText: [[ChromeDriver: chrome on windows (6259736719dac92817cffe64bbe2ff61)] -> css selector: #content h1]
2023-12-19 20:12:494 INFO  HomePage :46 - mouseHoverToElementAndClick: [[ChromeDriver: chrome on windows (aeea1be867717eb23d5efcff11d5dab9)] -> css selector: .dropdown-toggle[href='https://tutorialsninja.com/demo/index.php?route=product/category&path=20']]
2023-12-19 20:12:493 INFO  HomePage :31 - selectMenuOptions: [[ChromeDriver: chrome on windows (aeea1be867717eb23d5efcff11d5dab9)] -> css selector: #menu .see-all]
2023-12-19 20:12:546 INFO  DesktopsPage :50 - Select product macbook [2000.0, 1202.0, 1202.0, 602.0, 122.0]
2023-12-19 20:12:512 INFO  HomePage :46 - mouseHoverToElementAndClick: [[ChromeDriver: chrome on windows (e9d39faf1c825ccfb0cd9c7f7083afdd)] -> css selector: .dropdown-toggle[href='https://tutorialsninja.com/demo/index.php?route=product/category&path=20']]
2023-12-19 20:12:428 INFO  HomePage :31 - selectMenuOptions: [[ChromeDriver: chrome on windows (e9d39faf1c825ccfb0cd9c7f7083afdd)] -> css selector: #menu .see-all]
2023-12-19 20:12:789 INFO  ComponentsPage :28 - clickOnShoppingCartDisplay: [[ChromeDriver: chrome on windows (e9d39faf1c825ccfb0cd9c7f7083afdd)] -> xpath: //div//a[normalize-space()='shopping cart']]
2023-12-19 20:12:863 INFO  ComponentsPage :141 - Mandatory fields 
2023-12-19 20:12:269 INFO  DesktopsPage :97 - Get text from element Proxy element for: DefaultElementLocator 'By.xpath: //h1[normalize-space()='Register Account']'
2023-12-19 20:12:325 INFO  DesktopsPage :97 - Get text from element Proxy element for: DefaultElementLocator 'By.xpath: //h1[normalize-space()='Register Account']'
2023-12-19 20:12:858 INFO  HomePage :43 - mouseHoverToElementAndClick: [[ChromeDriver: chrome on windows (17d888a3cdd97164a166617f4e016661)] -> css selector: .dropdown-toggle[href='https://tutorialsninja.com/demo/index.php?route=product/category&path=20']]
2023-12-19 20:12:921 INFO  HomePage :31 - selectMenuOptions: [[ChromeDriver: chrome on windows (17d888a3cdd97164a166617f4e016661)] -> css selector: #menu .see-all]
2023-12-19 20:12:164 INFO  DesktopsPage :24 - getTextFromElement : [[ChromeDriver: chrome on windows (17d888a3cdd97164a166617f4e016661)] -> css selector: div[id='content'] h2]
2023-12-19 20:12:488 INFO  HomePage :46 - mouseHoverToElementAndClick: [[ChromeDriver: chrome on windows (5da9d4757655019b0c775d091a925562)] -> css selector: .dropdown-toggle[href='https://tutorialsninja.com/demo/index.php?route=product/category&path=20']]
2023-12-19 20:12:408 INFO  HomePage :31 - selectMenuOptions: [[ChromeDriver: chrome on windows (5da9d4757655019b0c775d091a925562)] -> css selector: #menu .see-all]
2023-12-19 20:12:704 INFO  DesktopsPage :25 - getTextNotebooksAndLaptops: [[ChromeDriver: chrome on windows (5da9d4757655019b0c775d091a925562)] -> css selector: div[id='content'] h2]
2023-12-19 20:12:354 INFO  HomePage :50 - mouseHoverToElementAndClick: [[ChromeDriver: chrome on windows (e407e3420e601c59bb00b84316d541c1)] -> css selector: .dropdown-toggle[href='https://tutorialsninja.com/demo/index.php?route=product/category&path=20']]
2023-12-19 20:12:301 INFO  HomePage :31 - selectMenuOptions: [[ChromeDriver: chrome on windows (e407e3420e601c59bb00b84316d541c1)] -> css selector: #menu .see-all]
2023-12-19 20:12:374 INFO  ComponentsPage :18 - getTextComponents: [[ChromeDriver: chrome on windows (e407e3420e601c59bb00b84316d541c1)] -> css selector: div[id='content'] h2]
2023-12-19 20:12:894 INFO  DesktopsPage :97 - Get text from element Proxy element for: DefaultElementLocator 'By.xpath: //h1[normalize-space()='Register Account']'
2023-12-19 20:12:379 INFO  HomePage :43 - mouseHoverToElementAndClick: [[ChromeDriver: chrome on windows (0d7fa70d6224e6d28ef1c012fea635a8)] -> css selector: .dropdown-toggle[href='https://tutorialsninja.com/demo/index.php?route=product/category&path=20']]
2023-12-19 20:12:508 INFO  HomePage :31 - selectMenuOptions: [[ChromeDriver: chrome on windows (0d7fa70d6224e6d28ef1c012fea635a8)] -> css selector: #menu .see-all]
2023-12-19 20:12:160 INFO  DesktopsPage :24 - getTextFromElement : [[ChromeDriver: chrome on windows (0d7fa70d6224e6d28ef1c012fea635a8)] -> css selector: div[id='content'] h2]
2023-12-19 20:12:667 INFO  DesktopsPage :97 - Get text from element Proxy element for: DefaultElementLocator 'By.xpath: //h1[normalize-space()='Register Account']'
2023-12-19 20:12:968 INFO  HomePage :43 - mouseHoverToElementAndClick: [[ChromeDriver: chrome on windows (5e12492367d2d4f82b9bab2fb26825fe)] -> css selector: .dropdown-toggle[href='https://tutorialsninja.com/demo/index.php?route=product/category&path=20']]
2023-12-19 20:12:31 INFO  HomePage :31 - selectMenuOptions: [[ChromeDriver: chrome on windows (5e12492367d2d4f82b9bab2fb26825fe)] -> css selector: #menu .see-all]
2023-12-19 20:12:437 INFO  DesktopsPage :24 - getTextFromElement : [[ChromeDriver: chrome on windows (5e12492367d2d4f82b9bab2fb26825fe)] -> css selector: div[id='content'] h2]
2023-12-19 20:12:148 INFO  DesktopsPage :97 - Get text from element Proxy element for: DefaultElementLocator 'By.xpath: //h1[normalize-space()='Register Account']'
2023-12-19 20:12:78 INFO  HomePage :43 - mouseHoverToElementAndClick: [[ChromeDriver: chrome on windows (dc2103f6bab352650eb3b2613b932a07)] -> css selector: .dropdown-toggle[href='https://tutorialsninja.com/demo/index.php?route=product/category&path=20']]
2023-12-19 20:12:204 INFO  HomePage :31 - selectMenuOptions: [[ChromeDriver: chrome on windows (dc2103f6bab352650eb3b2613b932a07)] -> css selector: #menu .see-all]
2023-12-19 20:12:958 INFO  DesktopsPage :24 - getTextFromElement : [[ChromeDriver: chrome on windows (dc2103f6bab352650eb3b2613b932a07)] -> css selector: div[id='content'] h2]
